[2018-05-22 09:26:08,939] [WARNING] [MainThread:140372852766528] [blas_headers.py:988] [] - Using NumPy C-API based implementation for BLAS functions.
[2018-05-22 09:26:31,637] [INFO] [MainThread:140372852766528] [announce_analysis.py:169] [] [] - There is no more message and processor will sleep for 2 seconds
[2018-05-22 09:26:43,655] [INFO] [MainThread:140372852766528] [announce_analysis.py:169] [] [] - There is no more message and processor will sleep for 4 seconds
[2018-05-22 09:26:49,421] [INFO] [MainThread:140372852766528] [announce_analysis.py:186] [] [] - announce s3 key: source/chong_qing/www.cpcb.com.cn/2018/05/10/http%3A%2F%2Fwww.csggzyjy.com%2Fceinwz%2Fhyzq%2Fhyzbjggszfcg.aspx%3Fsgzbbm%3DCSJY%282018%290147.json
[2018-05-22 09:27:07,393] [ERROR] [MainThread:140372852766528] [announce_analysis.py:221] [] [] - 'NoneType' object has no attribute 'get'
Traceback (most recent call last):
  File "/home/jialele/下载/sc-bidding-master/analysis/announce_analysis.py", line 219, in main
    announce_analysis_result_save(announce_data, content_source)
  File "/home/jialele/下载/sc-bidding-master/analysis/announce_analysis_result_save.py", line 239, in announce_analysis_result_save
    save_bidding_result(announce_data, source)
  File "/home/jialele/下载/sc-bidding-master/analysis/announce_analysis_result_save.py", line 173, in save_bidding_result
    if not announce_data.get("url"):
AttributeError: 'NoneType' object has no attribute 'get'
[2018-05-22 09:27:17,253] [INFO] [MainThread:140372852766528] [announce_analysis.py:186] [] [] - announce s3 key: source/chong_qing/www.cpcb.com.cn/2018/05/10/http%3A%2F%2Fwww.csggzyjy.com%2Fceinwz%2Fhyzq%2Fhyzbjggszfcg.aspx%3Fsgzbbm%3DCSJY%282018%290163.json
[2018-05-22 09:27:19,079] [ERROR] [MainThread:140372852766528] [announce_analysis.py:221] [] [] - 'NoneType' object has no attribute 'get'
Traceback (most recent call last):
  File "/home/jialele/下载/sc-bidding-master/analysis/announce_analysis.py", line 219, in main
    announce_analysis_result_save(announce_data, content_source)
  File "/home/jialele/下载/sc-bidding-master/analysis/announce_analysis_result_save.py", line 239, in announce_analysis_result_save
    save_bidding_result(announce_data, source)
  File "/home/jialele/下载/sc-bidding-master/analysis/announce_analysis_result_save.py", line 173, in save_bidding_result
    if not announce_data.get("url"):
AttributeError: 'NoneType' object has no attribute 'get'
[2018-05-22 09:27:31,444] [INFO] [MainThread:140372852766528] [announce_analysis.py:169] [] [] - There is no more message and processor will sleep for 2 seconds
[2018-05-22 09:27:43,519] [INFO] [MainThread:140372852766528] [announce_analysis.py:169] [] [] - There is no more message and processor will sleep for 4 seconds
[2018-05-22 09:27:48,167] [INFO] [MainThread:140372852766528] [announce_analysis.py:186] [] [] - announce s3 key: source/chong_qing/www.cpcb.com.cn/2018/05/21/http%3A%2F%2Fwww.csggzyjy.com%2Fceinwz%2Fhyzq%2Fhyzbjggszfcg.aspx%3Fsgzbbm%3DCSJY%282018%290165.json
[2018-05-22 09:27:50,217] [ERROR] [MainThread:140372852766528] [announce_analysis.py:221] [] [] - 'NoneType' object has no attribute 'get'
Traceback (most recent call last):
  File "/home/jialele/下载/sc-bidding-master/analysis/announce_analysis.py", line 219, in main
    announce_analysis_result_save(announce_data, content_source)
  File "/home/jialele/下载/sc-bidding-master/analysis/announce_analysis_result_save.py", line 239, in announce_analysis_result_save
    save_bidding_result(announce_data, source)
  File "/home/jialele/下载/sc-bidding-master/analysis/announce_analysis_result_save.py", line 173, in save_bidding_result
    if not announce_data.get("url"):
AttributeError: 'NoneType' object has no attribute 'get'
[2018-05-22 09:28:02,219] [INFO] [MainThread:140372852766528] [announce_analysis.py:169] [] [] - There is no more message and processor will sleep for 2 seconds
[2018-05-22 09:28:14,309] [INFO] [MainThread:140372852766528] [announce_analysis.py:169] [] [] - There is no more message and processor will sleep for 4 seconds
[2018-05-22 09:37:59,078] [WARNING] [MainThread:140617118844736] [blas_headers.py:988] [] - Using NumPy C-API based implementation for BLAS functions.
[2018-05-22 09:38:23,413] [WARNING] [MainThread:140541116884800] [blas_headers.py:988] [] - Using NumPy C-API based implementation for BLAS functions.
[2018-05-22 09:53:32,664] [WARNING] [MainThread:140146785302336] [blas_headers.py:988] [] - Using NumPy C-API based implementation for BLAS functions.
[2018-05-22 09:54:15,549] [WARNING] [MainThread:140115475986240] [blas_headers.py:988] [] - Using NumPy C-API based implementation for BLAS functions.
[2018-05-22 09:56:08,180] [WARNING] [MainThread:140352249751360] [blas_headers.py:988] [] - Using NumPy C-API based implementation for BLAS functions.
[2018-05-22 09:56:56,486] [WARNING] [MainThread:139816501925696] [blas_headers.py:988] [] - Using NumPy C-API based implementation for BLAS functions.
[2018-05-22 09:58:52,302] [WARNING] [MainThread:139773233178432] [blas_headers.py:988] [] - Using NumPy C-API based implementation for BLAS functions.
[2018-05-22 10:01:24,809] [WARNING] [MainThread:140006263146304] [blas_headers.py:988] [] - Using NumPy C-API based implementation for BLAS functions.
